<?xml version="1.0" encoding="UTF-8"?>
<!-- Generated by org.testng.reporters.JUnitXMLReporter -->
<testsuite ignored="0" hostname="GamingRig" failures="1" tests="1" name="Default test" time="7.8" errors="0" timestamp="2022-05-26T21:28:06 BST">
  <testcase classname="io.cucumber.testng.AbstractTestNGCucumberTests" name="runScenario" time="7.522">
    <failure type="java.lang.NullPointerException" message="Cannot invoke &amp;quot;org.openqa.selenium.WebDriver.findElement(org.openqa.selenium.By)&amp;quot; because &amp;quot;this.driver&amp;quot; is null">
      <![CDATA[java.lang.NullPointerException: Cannot invoke "org.openqa.selenium.WebDriver.findElement(org.openqa.selenium.By)" because "this.driver" is null
at pageObjects.OfferPage.searchItem(OfferPage.java:18)
at stepDefinitions.OfferPageStepDefinition.user_search_for_the_same_shortname_in_offers_page_to_check_if_the_product_exist(OfferPageStepDefinition.java:37)
at ✽.user search for the "Tom" shortname in offers page to check if the product exist(file:///C:/Users/Richard/Richard-eclipse-workspace/CucumberFramework/src/test/java/features/searchProduct.feature:7)
]]>
    </failure>
  </testcase> <!-- runScenario -->
</testsuite> <!-- Default test -->
