<?xml version="1.0" encoding="UTF-8"?>
<!-- Generated by org.testng.reporters.JUnitReportReporter -->
<testsuite hostname="GamingRig" failures="0" tests="1" name="CucumberOptions.TestNGTestRunner" time="7.522" errors="1" timestamp="2022-05-26T21:28:06 BST" skipped="0">
  <testcase classname="CucumberOptions.TestNGTestRunner" name="runScenario" time="7.522">
    <error message="Cannot invoke &quot;org.openqa.selenium.WebDriver.findElement(org.openqa.selenium.By)&quot; because &quot;this.driver&quot; is null" type="java.lang.NullPointerException">
      <![CDATA[java.lang.NullPointerException: Cannot invoke "org.openqa.selenium.WebDriver.findElement(org.openqa.selenium.By)" because "this.driver" is null
at pageObjects.OfferPage.searchItem(OfferPage.java:18)
at stepDefinitions.OfferPageStepDefinition.user_search_for_the_same_shortname_in_offers_page_to_check_if_the_product_exist(OfferPageStepDefinition.java:37)
at ✽.user search for the "Tom" shortname in offers page to check if the product exist(file:///C:/Users/Richard/Richard-eclipse-workspace/CucumberFramework/src/test/java/features/searchProduct.feature:7)
]]>
    </error>
  </testcase> <!-- runScenario -->
  <system-out/>
</testsuite> <!-- CucumberOptions.TestNGTestRunner -->
